Added Component: Designator=C1(1206 cap)
Add component. Clean all parameters for all variants
Added Component: Designator=C2(1206 cap)
Add component. Clean all parameters for all variants
Added Component: Designator=C3(1206 cap)
Add component. Clean all parameters for all variants
Added Component: Designator=C4(1206 cap)
Add component. Clean all parameters for all variants
Added Component: Designator=C5(1206 cap)
Add component. Clean all parameters for all variants
Added Component: Designator=U1(STM-LQFP48_N)
Add component. Clean all parameters for all variants
Add component (AddParameter): Name = "ComponentLink1Description"; Value = "Manufacturer URL"; VariantName = "[No Variations]"
Add component (AddParameter): Name = "ComponentLink1URL"; Value = "http://www.st.com/web/en/home.html"; VariantName = "[No Variations]"
Add component (AddParameter): Name = "ComponentLink2Description"; Value = "Datasheet"; VariantName = "[No Variations]"
Add component (AddParameter): Name = "ComponentLink2URL"; Value = "http://www.st.com/st-web-ui/static/active/en/resource/technical/document/datasheet/DM00088500.pdf"; VariantName = "[No Variations]"
Add component (AddParameter): Name = "ComponentLink3Description"; Value = "Package Specification"; VariantName = "[No Variations]"
Add component (AddParameter): Name = "ComponentLink3URL"; Value = "http://www.st.com/st-web-ui/static/active/en/resource/technical/document/datasheet/DM00058181.pdf"; VariantName = "[No Variations]"
Add component (AddParameter): Name = "Core"; Value = "ARM Cortex-M0"; VariantName = "[No Variations]"
Add component (AddParameter): Name = "DatasheetVersion"; Value = "Rev. 1"; VariantName = "[No Variations]"
Add component (AddParameter): Name = "FLASH Size (Prog) (kB)"; Value = "32"; VariantName = "[No Variations]"
Add component (AddParameter): Name = "I/Os (High Current)"; Value = "39"; VariantName = "[No Variations]"
Add component (AddParameter): Name = "Internal RAM Size (kB)"; Value = "4"; VariantName = "[No Variations]"
Add component (AddParameter): Name = "Mounting Technology"; Value = "Surface Mount"; VariantName = "[No Variations]"
Add component (AddParameter): Name = "Operating Frequency(F) (Processor speed) (MHz)"; Value = "48"; VariantName = "[No Variations]"
Add component (AddParameter): Name = "PackageDescription"; Value = "48-Pin Low Profile Quad Flat Package, 7 x 7 mm Body, 0.5 mm Pitch"; VariantName = "[No Variations]"
Add component (AddParameter): Name = "PackageReference"; Value = "LQFP48"; VariantName = "[No Variations]"
Add component (AddParameter): Name = "PackageVersion"; Value = "Rev. 6, 06/2013"; VariantName = "[No Variations]"
Add component (AddParameter): Name = "Packing"; Value = "Tray"; VariantName = "[No Variations]"
Add component (AddParameter): Name = "PartNumber"; Value = "STM32F030C6T6"; VariantName = "[No Variations]"
Add component (AddParameter): Name = "Supplier 1"; Value = "Digi-Key"; VariantName = "[No Variations]"
Add component (AddParameter): Name = "Supplier 2"; Value = "Newark"; VariantName = "[No Variations]"
Add component (AddParameter): Name = "Supplier 3"; Value = "Mouser"; VariantName = "[No Variations]"
Add component (AddParameter): Name = "Supplier Part Number 1"; Value = "497-14042-ND"; VariantName = "[No Variations]"
Add component (AddParameter): Name = "Supplier Part Number 2"; Value = "06X3646"; VariantName = "[No Variations]"
Add component (AddParameter): Name = "Supplier Part Number 3"; Value = "511-STM32F030C6T6"; VariantName = "[No Variations]"
Add component (AddParameter): Name = "Supply Voltage(Vcc) min (V)"; Value = "2.4"; VariantName = "[No Variations]"
Added Component: Designator=X1(crystal osc HC49S)
Add component. Clean all parameters for all variants
Added Pin To Net: NetName=GND Pin=C1-1
Added Pin To Net: NetName=VCC Pin=C1-2
Added Pin To Net: NetName=GND Pin=C2-1
Added Pin To Net: NetName=VCC Pin=C2-2
Added Pin To Net: NetName=GND Pin=C3-1
Added Pin To Net: NetName=VCC Pin=C3-2
Added Pin To Net: NetName=GND Pin=C4-1
Added Pin To Net: NetName=NetC4_2 Pin=C4-2
Added Pin To Net: NetName=GND Pin=C5-1
Added Pin To Net: NetName=NetC5_2 Pin=C5-2
Added Pin To Net: NetName=VCC Pin=U1-1
Added Pin To Net: NetName=NetC4_2 Pin=U1-5
Added Pin To Net: NetName=NetC5_2 Pin=U1-6
Added Pin To Net: NetName=GND Pin=U1-8
Added Pin To Net: NetName=VCC Pin=U1-9
Added Pin To Net: NetName=GND Pin=U1-23
Added Pin To Net: NetName=VCC Pin=U1-24
Added Pin To Net: NetName=GND Pin=U1-44
Added Pin To Net: NetName=GND Pin=U1-47
Added Pin To Net: NetName=VCC Pin=U1-48
Added Pin To Net: NetName=NetC4_2 Pin=X1-1
Added Pin To Net: NetName=NetC5_2 Pin=X1-2
Added Member To Class: ClassName=Sheet1 Member=Component C1 1206 cap
Added Member To Class: ClassName=Sheet1 Member=Component C2 1206 cap
Added Member To Class: ClassName=Sheet1 Member=Component C3 1206 cap
Added Member To Class: ClassName=Sheet1 Member=Component C4 1206 cap
Added Member To Class: ClassName=Sheet1 Member=Component C5 1206 cap
Added Member To Class: ClassName=Sheet1 Member=Component U1 STM32F030C6T6
Added Member To Class: ClassName=Sheet1 Member=Component X1 crystal osc HC49S
Added Room: Name=Sheet1
